[debug] [2018-11-28T16:09:30.408Z] ----------------------------------------------------------------------
[debug] [2018-11-28T16:09:30.411Z] Command:       C:\Program Files\nodejs\node.exe C:\Users\chenda.lengh\AppData\Roaming\npm\node_modules\firebase-tools\lib\bin\firebase.js init
[debug] [2018-11-28T16:09:30.411Z] CLI Version:   6.1.1
[debug] [2018-11-28T16:09:30.411Z] Platform:      win32
[debug] [2018-11-28T16:09:30.412Z] Node Version:  v10.13.0
[debug] [2018-11-28T16:09:30.414Z] Time:          Wed Nov 28 2018 10:09:30 GMT-0600 (Central Standard Time)
[debug] [2018-11-28T16:09:30.414Z] ----------------------------------------------------------------------
[debug] 
[debug] [2018-11-28T16:09:30.425Z] > command requires scopes: ["email","openid","https://www.googleapis.com/auth/cloudplatformprojects.readonly","https://www.googleapis.com/auth/firebase","https://www.googleapis.com/auth/cloud-platform"]
[debug] [2018-11-28T16:09:30.426Z] > authorizing via signed-in user
[info] 
     ######## #### ########  ######## ########     ###     ######  ########
     ##        ##  ##     ## ##       ##     ##  ##   ##  ##       ##
     ######    ##  ########  ######   ########  #########  ######  ######
     ##        ##  ##    ##  ##       ##     ## ##     ##       ## ##
     ##       #### ##     ## ######## ########  ##     ##  ######  ########

You're about to initialize a Firebase project in this directory:

  C:\Users\chenda.lengh\Documents\Visual Studio 2017\Projects\prasac

[info] 
=== Project Setup
[info] 
[info] First, let's associate this project directory with a Firebase project.
[info] You can create multiple project aliases by running firebase use --add, 
[info] but for now we'll just set up a default project.
[info] 
[debug] [2018-11-28T16:10:22.011Z] > refreshing access token with scopes: ["email","https://www.googleapis.com/auth/cloud-platform","https://www.googleapis.com/auth/cloudplatformprojects.readonly","https://www.googleapis.com/auth/firebase","openid"]
[debug] [2018-11-28T16:10:22.011Z] >>> HTTP REQUEST POST https://www.googleapis.com/oauth2/v3/token  
 <request body omitted>
[debug] [2018-11-28T16:10:22.120Z] <<< HTTP RESPONSE 200
[debug] [2018-11-28T16:10:22.142Z] >>> HTTP REQUEST GET https://firebase.googleapis.com/v1beta1/projects?page_size=100  
 
[debug] [2018-11-28T16:10:22.405Z] <<< HTTP RESPONSE 200
[info] i  Using project prasac-a8e2a (prasac)
[info] 
=== Firestore Setup
[debug] [2018-11-28T16:10:38.215Z] > command requires scopes: ["email","openid","https://www.googleapis.com/auth/cloudplatformprojects.readonly","https://www.googleapis.com/auth/firebase","https://www.googleapis.com/auth/cloud-platform"]
[debug] [2018-11-28T16:10:38.217Z] > authorizing via signed-in user
[debug] [2018-11-28T16:10:38.218Z] >>> HTTP REQUEST GET https://firebase.googleapis.com/v1beta1/projects/prasac-a8e2a  
 
[debug] [2018-11-28T16:10:38.366Z] <<< HTTP RESPONSE 200
[info] 
[info] Firestore Security Rules allow you to define how and when to allow
[info] requests. You can keep these rules in your project directory
[info] and publish them with firebase deploy.
[info] 
[debug] [2018-11-28T16:11:02.788Z] >>> HTTP REQUEST GET https://firebaserules.googleapis.com/v1/projects/prasac-a8e2a/releases  
 
[debug] [2018-11-28T16:11:03.018Z] <<< HTTP RESPONSE 200
[debug] [2018-11-28T16:11:03.018Z] Found ruleset: projects/prasac-a8e2a/rulesets/623283dc-d6bb-460a-9ecb-315224845f20
[debug] [2018-11-28T16:11:03.018Z] >>> HTTP REQUEST GET https://firebaserules.googleapis.com/v1/projects/prasac-a8e2a/rulesets/623283dc-d6bb-460a-9ecb-315224845f20  
 
[debug] [2018-11-28T16:11:03.105Z] <<< HTTP RESPONSE 200
[info] 
[info] Firestore indexes allow you to perform complex queries while
[info] maintaining performance that scales with the size of the result
[info] set. You can keep index definitions in your project directory
[info] and publish them with firebase deploy.
[info] 
[debug] [2018-11-28T16:11:09.110Z] >>> HTTP REQUEST GET https://firestore.googleapis.com/v1beta1/projects/prasac-a8e2a/databases/(default)/indexes  
 
[debug] [2018-11-28T16:11:09.352Z] <<< HTTP RESPONSE 200
[info] 
=== Functions Setup
[info] 
[info] A functions directory will be created in your project with a Node.js
[info] package pre-configured. Functions can be deployed with firebase deploy.
[info] 
[debug] [2018-11-28T16:11:09.358Z] > command requires scopes: ["email","openid","https://www.googleapis.com/auth/cloudplatformprojects.readonly","https://www.googleapis.com/auth/firebase","https://www.googleapis.com/auth/cloud-platform"]
[debug] [2018-11-28T16:11:09.359Z] > authorizing via signed-in user
[debug] [2018-11-28T16:11:09.359Z] >>> HTTP REQUEST GET https://firebase.googleapis.com/v1beta1/projects/prasac-a8e2a  
 
[debug] [2018-11-28T16:11:09.508Z] <<< HTTP RESPONSE 200
[debug] [2018-11-28T16:11:09.511Z] >>> HTTP REQUEST PATCH https://servicemanagement.googleapis.com/v1/services/cloudfunctions.googleapis.com/projectSettings/prasac-a8e2a?updateMask=usageSettings  

[debug] [2018-11-28T16:11:09.511Z] >>> HTTP REQUEST PATCH https://servicemanagement.googleapis.com/v1/services/runtimeconfig.googleapis.com/projectSettings/prasac-a8e2a?updateMask=usageSettings  

[debug] [2018-11-28T16:11:10.350Z] <<< HTTP RESPONSE 200
[debug] [2018-11-28T16:11:10.362Z] <<< HTTP RESPONSE 200
[info] +  Wrote functions/package.json
[info] +  Wrote functions/tslint.json
[info] +  Wrote functions/tsconfig.json
[info] +  Wrote functions/src/index.ts
[info] +  Wrote functions/.gitignore
[info] 
=== Hosting Setup
[info] 
[info] Your public directory is the folder (relative to your project directory) that
[info] will contain Hosting assets to be uploaded with firebase deploy. If you
[info] have a build process for your assets, use your build's output directory.
[info] 
